00000000010000110000100000100000
00000000101001100010000000100001
00000001000010010011100000100010
00000001011011000101000000100011
00100001110011010000000001100100
00100110000011110000000001100100
00000010010100111000100000100100
00000010101101101010000000100101
00000011000110011011100000100111
00110011011110100000000001100100
00110111101111000000000001100100
00000000000111111111001010000000
00000000000000100000101010000010
10001100100000110000000001100100
10101100110001010000000001100100
00111100000001110000000001100100
00010001000010010000000000000010
00010101010010110000000000000101
00000001101011100110000000101010
00000010000100010111100000101011
00101010011100100000000001100100
00101110101101000000000001100100
00000011111000000000000000001000
00001000000000000000000000001000
00001100000000000000000000011011
